<?xml version="1.0" encoding="UTF-8"?>
<!-- Generated by org.testng.reporters.JUnitReportReporter -->
<testsuite hostname="DESKTOP-QVM6J4J" failures="0" tests="2" name="Test.StoreTest" time="0.013" errors="0" timestamp="2023-05-10T23:40:47 IST" skipped="0">
  <testcase classname="Test.StoreTest" name="shouldReturnOneSongWhenUserPlayedFirstSong" time="0.001"/>
  <system-out/>
  <testcase classname="Test.StoreTest" name="shouldReturnEmptyPlaylistWhenUserHaveNotPlayedAnySongs" time="0.012"/>
  <system-out/>
</testsuite> <!-- Test.StoreTest -->
